TN:
SF:src\router.ts
FN:28,(anonymous_0)
FN:43,(anonymous_1)
FNF:2
FNH:2
FNDA:4,(anonymous_0)
FNDA:5,(anonymous_1)
DA:1,2
DA:2,2
DA:3,2
DA:4,2
DA:6,2
DA:11,2
DA:12,2
DA:19,2
DA:28,4
DA:34,2
DA:43,5
DA:51,2
DA:57,2
DA:63,2
LF:14
LH:14
BRF:0
BRH:0
end_of_record
TN:
SF:src\server.ts
FN:6,connectDB
FN:26,(anonymous_2)
FNF:2
FNH:2
FNDA:3,connectDB
FNDA:1,(anonymous_2)
DA:1,2
DA:2,2
DA:3,2
DA:4,2
DA:6,2
DA:7,3
DA:8,3
DA:9,2
DA:13,1
DA:16,2
DA:19,2
DA:22,2
DA:24,2
DA:26,2
DA:27,1
DA:30,2
LF:16
LH:16
BRF:0
BRH:0
end_of_record
TN:
SF:src\config\db.ts
FNF:0
FNH:0
DA:1,2
DA:2,2
DA:3,2
DA:5,2
DA:10,2
LF:5
LH:5
BRF:0
BRH:0
end_of_record
TN:
SF:src\handlers\product.ts
FN:4,(anonymous_1)
FN:16,(anonymous_2)
FN:30,(anonymous_3)
FN:48,(anonymous_4)
FN:64,(anonymous_5)
FN:84,(anonymous_6)
FNF:6
FNH:6
FNDA:2,(anonymous_1)
FNDA:2,(anonymous_2)
FNDA:1,(anonymous_3)
FNDA:2,(anonymous_4)
FNDA:2,(anonymous_5)
FNDA:2,(anonymous_6)
DA:2,2
DA:4,2
DA:6,2
DA:13,2
DA:16,2
DA:18,2
DA:19,2
DA:21,2
DA:22,1
DA:27,1
DA:30,2
DA:33,1
DA:34,1
DA:48,2
DA:49,2
DA:50,2
DA:52,2
DA:53,1
DA:58,1
DA:59,1
DA:60,1
DA:64,2
DA:65,2
DA:66,2
DA:67,2
DA:69,2
DA:70,1
DA:75,1
DA:76,1
DA:78,1
DA:80,0
DA:84,2
DA:85,2
DA:86,2
DA:88,2
DA:89,1
DA:94,1
DA:95,1
LF:38
LH:37
BRDA:21,0,0,1
BRDA:21,0,1,1
BRDA:52,1,0,1
BRDA:52,1,1,1
BRDA:69,2,0,1
BRDA:69,2,1,1
BRDA:88,3,0,1
BRDA:88,3,1,1
BRF:8
BRH:8
end_of_record
TN:
SF:src\middleware\index.ts
FN:4,(anonymous_0)
FNF:1
FNH:1
FNDA:17,(anonymous_0)
DA:2,2
DA:4,2
DA:6,17
DA:7,17
DA:8,8
DA:10,9
DA:12,9
LF:7
LH:7
BRDA:7,0,0,8
BRDA:7,0,1,9
BRF:2
BRH:2
end_of_record
TN:
SF:src\models\Product.model.ts
FNF:0
FNH:0
DA:1,3
DA:7,3
DA:11,3
DA:16,3
DA:22,3
DA:24,3
LF:6
LH:6
BRF:0
BRH:0
end_of_record
